<?xml version="1.0" encoding="UTF-8"?>
<testng-results ignored="0" total="1" passed="1" failed="0" skipped="0">
  <reporter-output>
  </reporter-output>
  <suite started-at="2021-05-24T08:35:54 AEST" name="Default suite" finished-at="2021-05-24T08:35:56 AEST" duration-ms="2342">
    <groups>
    </groups>
    <test started-at="2021-05-24T08:35:54 AEST" name="Default test" finished-at="2021-05-24T08:35:56 AEST" duration-ms="2342">
      <class name="com.openweathermap.GetWeatherDetailsFromOpenWeatherMapForCurrentDate">
        <test-method signature="getWeatherDetails()[pri:0, instance:com.openweathermap.GetWeatherDetailsFromOpenWeatherMapForCurrentDate@48974e45]" started-at="2021-05-24T08:35:54 AEST" name="getWeatherDetails" finished-at="2021-05-24T08:35:56 AEST" duration-ms="2312" status="PASS">
          <reporter-output>
          </reporter-output>
        </test-method> <!-- getWeatherDetails -->
      </class> <!-- com.openweathermap.GetWeatherDetailsFromOpenWeatherMapForCurrentDate -->
    </test> <!-- Default test -->
  </suite> <!-- Default suite -->
</testng-results>
